<?xml version="1.0" encoding="UTF-8"?>
<!-- Generated by org.testng.reporters.JUnitReportReporter -->
<testsuite hostname="DESKTOP-9K1R8FQ" failures="0" tests="2" name="websiteTest_myshuttle_javaproject" time="5.761" errors="0" timestamp="13 May 2024 09:07:19 GMT" skipped="0">
  <testcase classname="websiteTest_myshuttle_javaproject" name="myShuttleImageExists" time="3.493"/>
  <testcase classname="websiteTest_myshuttle_javaproject" name="myShuttleTitleCheck" time="2.268"/>
</testsuite> <!-- websiteTest_myshuttle_javaproject -->
