<?xml version="1.0" encoding="UTF-8"?>
<!-- Generated by org.testng.reporters.JUnitReportReporter -->
<testsuite hostname="DESKTOP-9K1R8FQ" failures="0" tests="3" name="websiteTest" time="8.406" errors="0" timestamp="15 Jan 2024 07:31:57 GMT" skipped="0">
  <testcase classname="websiteTest" name="headersTestMenu2" time="0.289"/>
  <testcase classname="websiteTest" name="headersTestMenu1" time="0.922"/>
  <testcase classname="websiteTest" name="WebsiteHomeTitle" time="7.195"/>
</testsuite> <!-- websiteTest -->
