<?xml version="1.0" encoding="UTF-8"?>
<!-- Generated by org.testng.reporters.JUnitReportReporter -->
<testsuite hostname="DESKTOP-9K1R8FQ" failures="0" tests="1" name="websiteTest_myshuttle_javaproject" time="3.621" errors="0" timestamp="13 May 2024 08:32:03 GMT" skipped="0">
  <testcase classname="websiteTest_myshuttle_javaproject" name="googleImageTest" time="3.621"/>
</testsuite> <!-- websiteTest_myshuttle_javaproject -->
