<?xml version="1.0" encoding="UTF-8"?>
<!-- Generated by org.testng.reporters.JUnitReportReporter -->
<testsuite hostname="DESKTOP-9K1R8FQ" failures="0" tests="3" name="websiteTest" time="6.058" errors="0" timestamp="15 Jan 2024 07:14:10 GMT" skipped="0">
  <testcase classname="websiteTest" name="WebsiteHomeTitle" time="4.702"/>
  <testcase classname="websiteTest" name="headersTestMenu2" time="0.276"/>
  <testcase classname="websiteTest" name="headersTestMenu1" time="1.080"/>
</testsuite> <!-- websiteTest -->
