<?xml version="1.0" encoding="UTF-8"?>
<!-- Generated by org.testng.reporters.JUnitReportReporter -->
<testsuite hostname="DESKTOP-9K1R8FQ" failures="0" tests="3" name="websiteTest" time="143.490" errors="0" timestamp="19 Jan 2024 12:12:18 GMT" skipped="0">
  <testcase classname="websiteTest" name="WebsiteHomeTitle" time="142.704"/>
  <testcase classname="websiteTest" name="headersTestMenu2" time="0.310"/>
  <testcase classname="websiteTest" name="headersTestMenu1" time="0.476"/>
</testsuite> <!-- websiteTest -->
